\BOOKMARK [0][-]{chapter.1}{Introduction}{}% 1
\BOOKMARK [1][-]{section.1.1}{Overview}{chapter.1}% 2
\BOOKMARK [2][-]{subsection.1.1.1}{Signals and Extraction}{section.1.1}% 3
\BOOKMARK [2][-]{subsection.1.1.2}{The Classic Model-Based Paradigm}{section.1.1}% 4
\BOOKMARK [2][-]{subsection.1.1.3}{The Scope of MDFA}{section.1.1}% 5
\BOOKMARK [1][-]{section.1.2}{The Style of the Book}{chapter.1}% 6
\BOOKMARK [2][-]{subsection.1.2.1}{Setting the Paths}{section.1.2}% 7
\BOOKMARK [2][-]{subsection.1.2.2}{DFA}{section.1.2}% 8
\BOOKMARK [2][-]{subsection.1.2.3}{MDFA}{section.1.2}% 9
\BOOKMARK [2][-]{subsection.1.2.4}{Using MDFA}{section.1.2}% 10
\BOOKMARK [0][-]{chapter.2}{Multivariate Direct Filter Analysis for Non-stationary Processes}{}% 11
\BOOKMARK [1][-]{section.2.1}{Constrained MDFA}{chapter.2}% 12
\BOOKMARK [1][-]{section.2.2}{Background on Non-stationary Vector Time Series }{chapter.2}% 13
\BOOKMARK [1][-]{section.2.3}{Error Criterion and Computation}{chapter.2}% 14
\BOOKMARK [0][-]{chapter.3}{Multivariate Direct Filter Analysis for Co-integrated Processes}{}% 15
\BOOKMARK [1][-]{section.3.1}{Co-integration at Frequency Zero}{chapter.3}% 16
\BOOKMARK [1][-]{section.3.2}{A General Treatment of Co-integration}{chapter.3}% 17
\BOOKMARK [0][-]{chapter.4}{Multivariate Direct Filter Analysis for Mixed Frequency Processes}{}% 18
\BOOKMARK [1][-]{section.4.1}{Sampling Frequency and Vector Embedding}{chapter.4}% 19
\BOOKMARK [1][-]{section.4.2}{Mixed Frequency Targets and Optimal Concurrent Filters}{chapter.4}% 20
\BOOKMARK [0][-]{chapter.5}{Summary and Links}{}% 21
\BOOKMARK [1][-]{section.5.1}{Survey of MDFA Optimization Criteria}{chapter.5}% 22
\BOOKMARK [1][-]{section.5.2}{Consistency and Efficiency: a Tale of Two Philosophies}{chapter.5}% 23
\BOOKMARK [2][-]{subsection.5.2.1}{Knowing the Truth: Omniscience}{section.5.2}% 24
\BOOKMARK [2][-]{subsection.5.2.2}{Believing in Truth: Faith and Fatalism}{section.5.2}% 25
\BOOKMARK [2][-]{subsection.5.2.3}{From Truth to Effectiveness: Emphasizing Performances}{section.5.2}% 26
