This is pdfTeX, Version 3.1415926-2.5-1.40.14 (MiKTeX 2.9) (preloaded format=pdflatex 2014.1.12)  14 MAY 2019 20:20
entering extended mode
**C:/Users/Tucker/Documents/GitHub/MDFA-Legacy/Sweave/Latex/MDFA_Legacy.tex
(C:/Users/Tucker/Documents/GitHub/MDFA-Legacy/Sweave/Latex/MDFA_Legacy.tex
LaTeX2e <2011/06/27>
Babel <v3.8m> and hyphenation patterns for english, afrikaans, ancientgreek, ar
abic, armenian, assamese, basque, bengali, bokmal, bulgarian, catalan, coptic, 
croatian, czech, danish, dutch, esperanto, estonian, farsi, finnish, french, ga
lician, german, german-x-2013-05-26, greek, gujarati, hindi, hungarian, iceland
ic, indonesian, interlingua, irish, italian, kannada, kurmanji, latin, latvian,
 lithuanian, malayalam, marathi, mongolian, mongolianlmc, monogreek, ngerman, n
german-x-2013-05-26, nynorsk, oriya, panjabi, pinyin, polish, portuguese, roman
ian, russian, sanskrit, serbian, slovak, slovenian, spanish, swedish, swissgerm
an, tamil, telugu, turkish, turkmen, ukenglish, ukrainian, uppersorbian, usengl
ishmax, welsh, loaded.
("C:\Program Files (x86)\MiKTeX 2.9\tex\latex\base\book.cls"
Document Class: book 2007/10/19 v1.4h Standard LaTeX document class
("C:\Program Files (x86)\MiKTeX 2.9\tex\latex\base\bk10.clo"
File: bk10.clo 2007/10/19 v1.4h Standard LaTeX file (size option)
)
\c@part=\count79
\c@chapter=\count80
\c@section=\count81
\c@subsection=\count82
\c@subsubsection=\count83
\c@paragraph=\count84
\c@subparagraph=\count85
\c@figure=\count86
\c@table=\count87
\abovecaptionskip=\skip41
\belowcaptionskip=\skip42
\bibindent=\dimen102
)
("C:\Program Files (x86)\MiKTeX 2.9\tex\latex\graphics\graphicx.sty"
Package: graphicx 1999/02/16 v1.0f Enhanced LaTeX Graphics (DPC,SPQR)

("C:\Program Files (x86)\MiKTeX 2.9\tex\latex\graphics\keyval.sty"
Package: keyval 1999/03/16 v1.13 key=value parser (DPC)
\KV@toks@=\toks14
)
("C:\Program Files (x86)\MiKTeX 2.9\tex\latex\graphics\graphics.sty"
Package: graphics 2009/02/05 v1.0o Standard LaTeX Graphics (DPC,SPQR)

("C:\Program Files (x86)\MiKTeX 2.9\tex\latex\graphics\trig.sty"
Package: trig 1999/03/16 v1.09 sin cos tan (DPC)
)
("C:\Program Files (x86)\MiKTeX 2.9\tex\latex\00miktex\graphics.cfg"
File: graphics.cfg 2007/01/18 v1.5 graphics configuration of teTeX/TeXLive
)
Package graphics Info: Driver file: pdftex.def on input line 91.

("C:\Program Files (x86)\MiKTeX 2.9\tex\latex\pdftex-def\pdftex.def"
File: pdftex.def 2011/05/27 v0.06d Graphics/color for pdfTeX

("C:\Program Files (x86)\MiKTeX 2.9\tex\generic\oberdiek\infwarerr.sty"
Package: infwarerr 2010/04/08 v1.3 Providing info/warning/error messages (HO)
)
("C:\Program Files (x86)\MiKTeX 2.9\tex\generic\oberdiek\ltxcmds.sty"
Package: ltxcmds 2011/11/09 v1.22 LaTeX kernel commands for general use (HO)
)
\Gread@gobject=\count88
))
\Gin@req@height=\dimen103
\Gin@req@width=\dimen104
)
("C:\Program Files (x86)\MiKTeX 2.9\tex\latex\url\url.sty"
\Urlmuskip=\muskip10
Package: url 2013/09/16  ver 3.4  Verb mode for urls, etc.
)
("C:\Program Files (x86)\MiKTeX 2.9\tex\latex\amsfonts\amssymb.sty"
Package: amssymb 2013/01/14 v3.01 AMS font symbols

("C:\Program Files (x86)\MiKTeX 2.9\tex\latex\amsfonts\amsfonts.sty"
Package: amsfonts 2013/01/14 v3.01 Basic AMSFonts support
\@emptytoks=\toks15
\symAMSa=\mathgroup4
\symAMSb=\mathgroup5
LaTeX Font Info:    Overwriting math alphabet `\mathfrak' in version `bold'
(Font)                  U/euf/m/n --> U/euf/b/n on input line 106.
))
\c@Theorem=\count89
\c@Lemma=\count90
\c@Corollary=\count91
\c@Proposition=\count92
\c@Definition=\count93
\c@Remark=\count94
\c@Example=\count95
\c@Exercise=\count96
\c@Illustration=\count97

("C:\Program Files (x86)\MiKTeX 2.9\tex\latex\amsmath\amsmath.sty"
Package: amsmath 2013/01/14 v2.14 AMS math features
\@mathmargin=\skip43

For additional information on amsmath, use the `?' option.
("C:\Program Files (x86)\MiKTeX 2.9\tex\latex\amsmath\amstext.sty"
Package: amstext 2000/06/29 v2.01

("C:\Program Files (x86)\MiKTeX 2.9\tex\latex\amsmath\amsgen.sty"
File: amsgen.sty 1999/11/30 v2.0
\@emptytoks=\toks16
\ex@=\dimen105
))
("C:\Program Files (x86)\MiKTeX 2.9\tex\latex\amsmath\amsbsy.sty"
Package: amsbsy 1999/11/29 v1.2d
\pmbraise@=\dimen106
)
("C:\Program Files (x86)\MiKTeX 2.9\tex\latex\amsmath\amsopn.sty"
Package: amsopn 1999/12/14 v2.01 operator names
)
\inf@bad=\count98
LaTeX Info: Redefining \frac on input line 210.
\uproot@=\count99
\leftroot@=\count100
LaTeX Info: Redefining \overline on input line 306.
\classnum@=\count101
\DOTSCASE@=\count102
LaTeX Info: Redefining \ldots on input line 378.
LaTeX Info: Redefining \dots on input line 381.
LaTeX Info: Redefining \cdots on input line 466.
\Mathstrutbox@=\box26
\strutbox@=\box27
\big@size=\dimen107
LaTeX Font Info:    Redeclaring font encoding OML on input line 566.
LaTeX Font Info:    Redeclaring font encoding OMS on input line 567.
\macc@depth=\count103
\c@MaxMatrixCols=\count104
\dotsspace@=\muskip11
\c@parentequation=\count105
\dspbrk@lvl=\count106
\tag@help=\toks17
\row@=\count107
\column@=\count108
\maxfields@=\count109
\andhelp@=\toks18
\eqnshift@=\dimen108
\alignsep@=\dimen109
\tagshift@=\dimen110
\tagwidth@=\dimen111
\totwidth@=\dimen112
\lineht@=\dimen113
\@envbody=\toks19
\multlinegap=\skip44
\multlinetaggap=\skip45
\mathdisplay@stack=\toks20
LaTeX Info: Redefining \[ on input line 2665.
LaTeX Info: Redefining \] on input line 2666.
)
("C:\Program Files (x86)\MiKTeX 2.9\tex\latex\base\latexsym.sty"
Package: latexsym 1998/08/17 v2.2e Standard LaTeX package (lasy symbols)
\symlasy=\mathgroup6
LaTeX Font Info:    Overwriting symbol font `lasy' in version `bold'
(Font)                  U/lasy/m/n --> U/lasy/b/n on input line 47.
)
("C:\Program Files (x86)\MiKTeX 2.9\tex\latex\graphics\epsfig.sty"
Package: epsfig 1999/02/16 v1.7a (e)psfig emulation (SPQR)
\epsfxsize=\dimen114
\epsfysize=\dimen115
)
("C:\Program Files (x86)\MiKTeX 2.9\tex\latex\tools\verbatim.sty"
Package: verbatim 2003/08/22 v1.5q LaTeX2e package for verbatim enhancements
\every@verbatim=\toks21
\verbatim@line=\toks22
\verbatim@in@stream=\read1
)
("C:\Program Files (x86)\MiKTeX 2.9\tex\latex\hyperref\hyperref.sty"
Package: hyperref 2012/11/06 v6.83m Hypertext links for LaTeX

("C:\Program Files (x86)\MiKTeX 2.9\tex\generic\oberdiek\hobsub-hyperref.sty"
Package: hobsub-hyperref 2012/04/25 v1.12 Bundle oberdiek, subset hyperref (HO)


("C:\Program Files (x86)\MiKTeX 2.9\tex\generic\oberdiek\hobsub-generic.sty"
Package: hobsub-generic 2012/04/25 v1.12 Bundle oberdiek, subset generic (HO)
Package: hobsub 2012/04/25 v1.12 Construct package bundles (HO)
Package hobsub Info: Skipping package `infwarerr' (already loaded).
Package hobsub Info: Skipping package `ltxcmds' (already loaded).
Package: ifluatex 2010/03/01 v1.3 Provides the ifluatex switch (HO)
Package ifluatex Info: LuaTeX not detected.
Package: ifvtex 2010/03/01 v1.5 Detect VTeX and its facilities (HO)
Package ifvtex Info: VTeX not detected.
Package: intcalc 2007/09/27 v1.1 Expandable calculations with integers (HO)
Package: ifpdf 2011/01/30 v2.3 Provides the ifpdf switch (HO)
Package ifpdf Info: pdfTeX in PDF mode is detected.
Package: etexcmds 2011/02/16 v1.5 Avoid name clashes with e-TeX commands (HO)
Package etexcmds Info: Could not find \expanded.
(etexcmds)             That can mean that you are not using pdfTeX 1.50 or
(etexcmds)             that some package has redefined \expanded.
(etexcmds)             In the latter case, load this package earlier.
Package: kvsetkeys 2012/04/25 v1.16 Key value parser (HO)
Package: kvdefinekeys 2011/04/07 v1.3 Define keys (HO)
Package: pdftexcmds 2011/11/29 v0.20 Utility functions of pdfTeX for LuaTeX (HO
)
Package pdftexcmds Info: LuaTeX not detected.
Package pdftexcmds Info: \pdf@primitive is available.
Package pdftexcmds Info: \pdf@ifprimitive is available.
Package pdftexcmds Info: \pdfdraftmode found.
Package: pdfescape 2011/11/25 v1.13 Implements pdfTeX's escape features (HO)
Package: bigintcalc 2012/04/08 v1.3 Expandable calculations on big integers (HO
)
Package: bitset 2011/01/30 v1.1 Handle bit-vector datatype (HO)
Package: uniquecounter 2011/01/30 v1.2 Provide unlimited unique counter (HO)
)
Package hobsub Info: Skipping package `hobsub' (already loaded).
Package: letltxmacro 2010/09/02 v1.4 Let assignment for LaTeX macros (HO)
Package: hopatch 2011/06/24 v1.1 Wrapper for package hooks (HO)
Package: xcolor-patch 2011/01/30 xcolor patch
Package: atveryend 2011/06/30 v1.8 Hooks at the very end of document (HO)
Package atveryend Info: \enddocument detected (standard20110627).
Package: atbegshi 2011/10/05 v1.16 At begin shipout hook (HO)
Package: refcount 2011/10/16 v3.4 Data extraction from label references (HO)
Package: hycolor 2011/01/30 v1.7 Color options for hyperref/bookmark (HO)
)
("C:\Program Files (x86)\MiKTeX 2.9\tex\generic\ifxetex\ifxetex.sty"
Package: ifxetex 2010/09/12 v0.6 Provides ifxetex conditional
)
("C:\Program Files (x86)\MiKTeX 2.9\tex\latex\oberdiek\auxhook.sty"
Package: auxhook 2011/03/04 v1.3 Hooks for auxiliary files (HO)
)
("C:\Program Files (x86)\MiKTeX 2.9\tex\latex\oberdiek\kvoptions.sty"
Package: kvoptions 2011/06/30 v3.11 Key value format for package options (HO)
)
\@linkdim=\dimen116
\Hy@linkcounter=\count110
\Hy@pagecounter=\count111

("C:\Program Files (x86)\MiKTeX 2.9\tex\latex\hyperref\pd1enc.def"
File: pd1enc.def 2012/11/06 v6.83m Hyperref: PDFDocEncoding definition (HO)
)
\Hy@SavedSpaceFactor=\count112

("C:\Program Files (x86)\MiKTeX 2.9\tex\latex\00miktex\hyperref.cfg"
File: hyperref.cfg 2002/06/06 v1.2 hyperref configuration of TeXLive
)
Package hyperref Info: Hyper figures OFF on input line 4443.
Package hyperref Info: Link nesting OFF on input line 4448.
Package hyperref Info: Hyper index ON on input line 4451.
Package hyperref Info: Plain pages OFF on input line 4458.
Package hyperref Info: Backreferencing OFF on input line 4463.
Package hyperref Info: Implicit mode ON; LaTeX internals redefined.
Package hyperref Info: Bookmarks ON on input line 4688.
\c@Hy@tempcnt=\count113
LaTeX Info: Redefining \url on input line 5041.
\XeTeXLinkMargin=\dimen117
\Fld@menulength=\count114
\Field@Width=\dimen118
\Fld@charsize=\dimen119
Package hyperref Info: Hyper figures OFF on input line 6295.
Package hyperref Info: Link nesting OFF on input line 6300.
Package hyperref Info: Hyper index ON on input line 6303.
Package hyperref Info: backreferencing OFF on input line 6310.
Package hyperref Info: Link coloring OFF on input line 6315.
Package hyperref Info: Link coloring with OCG OFF on input line 6320.
Package hyperref Info: PDF/A mode OFF on input line 6325.
LaTeX Info: Redefining \ref on input line 6365.
LaTeX Info: Redefining \pageref on input line 6369.
\Hy@abspage=\count115
\c@Item=\count116
\c@Hfootnote=\count117
)

Package hyperref Message: Driver (autodetected): hpdftex.

("C:\Program Files (x86)\MiKTeX 2.9\tex\latex\hyperref\hpdftex.def"
File: hpdftex.def 2012/11/06 v6.83m Hyperref driver for pdfTeX
\Fld@listcount=\count118
\c@bookmark@seq@number=\count119

("C:\Program Files (x86)\MiKTeX 2.9\tex\latex\oberdiek\rerunfilecheck.sty"
Package: rerunfilecheck 2011/04/15 v1.7 Rerun checks for auxiliary files (HO)
Package uniquecounter Info: New unique counter `rerunfilecheck' on input line 2
82.
)
\Hy@SectionHShift=\skip46
)
("C:\Program Files (x86)\MiKTeX 2.9\tex\latex\float\float.sty"
Package: float 2001/11/08 v1.3d Float enhancements (AL)
\c@float@type=\count120
\float@exts=\toks23
\float@box=\box28
\@float@everytoks=\toks24
\@floatcapt=\box29
)
("C:\Program Files (x86)\MiKTeX 2.9\tex\latex\base\inputenc.sty"
Package: inputenc 2008/03/30 v1.1d Input encoding file
\inpenc@prehook=\toks25
\inpenc@posthook=\toks26

("C:\Program Files (x86)\MiKTeX 2.9\tex\latex\base\utf8.def"
File: utf8.def 2008/04/05 v1.1m UTF-8 support for inputenc
Now handling font encoding OML ...
... no UTF-8 mapping file for font encoding OML
Now handling font encoding T1 ...
... processing UTF-8 mapping file for font encoding T1

("C:\Program Files (x86)\MiKTeX 2.9\tex\latex\base\t1enc.dfu"
File: t1enc.dfu 2008/04/05 v1.1m UTF-8 support for inputenc
   defining Unicode char U+00A1 (decimal 161)
   defining Unicode char U+00A3 (decimal 163)
   defining Unicode char U+00AB (decimal 171)
   defining Unicode char U+00BB (decimal 187)
   defining Unicode char U+00BF (decimal 191)
   defining Unicode char U+00C0 (decimal 192)
   defining Unicode char U+00C1 (decimal 193)
   defining Unicode char U+00C2 (decimal 194)
   defining Unicode char U+00C3 (decimal 195)
   defining Unicode char U+00C4 (decimal 196)
   defining Unicode char U+00C5 (decimal 197)
   defining Unicode char U+00C6 (decimal 198)
   defining Unicode char U+00C7 (decimal 199)
   defining Unicode char U+00C8 (decimal 200)
   defining Unicode char U+00C9 (decimal 201)
   defining Unicode char U+00CA (decimal 202)
   defining Unicode char U+00CB (decimal 203)
   defining Unicode char U+00CC (decimal 204)
   defining Unicode char U+00CD (decimal 205)
   defining Unicode char U+00CE (decimal 206)
   defining Unicode char U+00CF (decimal 207)
   defining Unicode char U+00D0 (decimal 208)
   defining Unicode char U+00D1 (decimal 209)
   defining Unicode char U+00D2 (decimal 210)
   defining Unicode char U+00D3 (decimal 211)
   defining Unicode char U+00D4 (decimal 212)
   defining Unicode char U+00D5 (decimal 213)
   defining Unicode char U+00D6 (decimal 214)
   defining Unicode char U+00D8 (decimal 216)
   defining Unicode char U+00D9 (decimal 217)
   defining Unicode char U+00DA (decimal 218)
   defining Unicode char U+00DB (decimal 219)
   defining Unicode char U+00DC (decimal 220)
   defining Unicode char U+00DD (decimal 221)
   defining Unicode char U+00DE (decimal 222)
   defining Unicode char U+00DF (decimal 223)
   defining Unicode char U+00E0 (decimal 224)
   defining Unicode char U+00E1 (decimal 225)
   defining Unicode char U+00E2 (decimal 226)
   defining Unicode char U+00E3 (decimal 227)
   defining Unicode char U+00E4 (decimal 228)
   defining Unicode char U+00E5 (decimal 229)
   defining Unicode char U+00E6 (decimal 230)
   defining Unicode char U+00E7 (decimal 231)
   defining Unicode char U+00E8 (decimal 232)
   defining Unicode char U+00E9 (decimal 233)
   defining Unicode char U+00EA (decimal 234)
   defining Unicode char U+00EB (decimal 235)
   defining Unicode char U+00EC (decimal 236)
   defining Unicode char U+00ED (decimal 237)
   defining Unicode char U+00EE (decimal 238)
   defining Unicode char U+00EF (decimal 239)
   defining Unicode char U+00F0 (decimal 240)
   defining Unicode char U+00F1 (decimal 241)
   defining Unicode char U+00F2 (decimal 242)
   defining Unicode char U+00F3 (decimal 243)
   defining Unicode char U+00F4 (decimal 244)
   defining Unicode char U+00F5 (decimal 245)
   defining Unicode char U+00F6 (decimal 246)
   defining Unicode char U+00F8 (decimal 248)
   defining Unicode char U+00F9 (decimal 249)
   defining Unicode char U+00FA (decimal 250)
   defining Unicode char U+00FB (decimal 251)
   defining Unicode char U+00FC (decimal 252)
   defining Unicode char U+00FD (decimal 253)
   defining Unicode char U+00FE (decimal 254)
   defining Unicode char U+00FF (decimal 255)
   defining Unicode char U+0102 (decimal 258)
   defining Unicode char U+0103 (decimal 259)
   defining Unicode char U+0104 (decimal 260)
   defining Unicode char U+0105 (decimal 261)
   defining Unicode char U+0106 (decimal 262)
   defining Unicode char U+0107 (decimal 263)
   defining Unicode char U+010C (decimal 268)
   defining Unicode char U+010D (decimal 269)
   defining Unicode char U+010E (decimal 270)
   defining Unicode char U+010F (decimal 271)
   defining Unicode char U+0110 (decimal 272)
   defining Unicode char U+0111 (decimal 273)
   defining Unicode char U+0118 (decimal 280)
   defining Unicode char U+0119 (decimal 281)
   defining Unicode char U+011A (decimal 282)
   defining Unicode char U+011B (decimal 283)
   defining Unicode char U+011E (decimal 286)
   defining Unicode char U+011F (decimal 287)
   defining Unicode char U+0130 (decimal 304)
   defining Unicode char U+0131 (decimal 305)
   defining Unicode char U+0132 (decimal 306)
   defining Unicode char U+0133 (decimal 307)
   defining Unicode char U+0139 (decimal 313)
   defining Unicode char U+013A (decimal 314)
   defining Unicode char U+013D (decimal 317)
   defining Unicode char U+013E (decimal 318)
   defining Unicode char U+0141 (decimal 321)
   defining Unicode char U+0142 (decimal 322)
   defining Unicode char U+0143 (decimal 323)
   defining Unicode char U+0144 (decimal 324)
   defining Unicode char U+0147 (decimal 327)
   defining Unicode char U+0148 (decimal 328)
   defining Unicode char U+014A (decimal 330)
   defining Unicode char U+014B (decimal 331)
   defining Unicode char U+0150 (decimal 336)
   defining Unicode char U+0151 (decimal 337)
   defining Unicode char U+0152 (decimal 338)
   defining Unicode char U+0153 (decimal 339)
   defining Unicode char U+0154 (decimal 340)
   defining Unicode char U+0155 (decimal 341)
   defining Unicode char U+0158 (decimal 344)
   defining Unicode char U+0159 (decimal 345)
   defining Unicode char U+015A (decimal 346)
   defining Unicode char U+015B (decimal 347)
   defining Unicode char U+015E (decimal 350)
   defining Unicode char U+015F (decimal 351)
   defining Unicode char U+0160 (decimal 352)
   defining Unicode char U+0161 (decimal 353)
   defining Unicode char U+0162 (decimal 354)
   defining Unicode char U+0163 (decimal 355)
   defining Unicode char U+0164 (decimal 356)
   defining Unicode char U+0165 (decimal 357)
   defining Unicode char U+016E (decimal 366)
   defining Unicode char U+016F (decimal 367)
   defining Unicode char U+0170 (decimal 368)
   defining Unicode char U+0171 (decimal 369)
   defining Unicode char U+0178 (decimal 376)
   defining Unicode char U+0179 (decimal 377)
   defining Unicode char U+017A (decimal 378)
   defining Unicode char U+017B (decimal 379)
   defining Unicode char U+017C (decimal 380)
   defining Unicode char U+017D (decimal 381)
   defining Unicode char U+017E (decimal 382)
   defining Unicode char U+200C (decimal 8204)
   defining Unicode char U+2013 (decimal 8211)
   defining Unicode char U+2014 (decimal 8212)
   defining Unicode char U+2018 (decimal 8216)
   defining Unicode char U+2019 (decimal 8217)
   defining Unicode char U+201A (decimal 8218)
   defining Unicode char U+201C (decimal 8220)
   defining Unicode char U+201D (decimal 8221)
   defining Unicode char U+201E (decimal 8222)
   defining Unicode char U+2030 (decimal 8240)
   defining Unicode char U+2031 (decimal 8241)
   defining Unicode char U+2039 (decimal 8249)
   defining Unicode char U+203A (decimal 8250)
   defining Unicode char U+2423 (decimal 9251)
)
Now handling font encoding OT1 ...
... processing UTF-8 mapping file for font encoding OT1

("C:\Program Files (x86)\MiKTeX 2.9\tex\latex\base\ot1enc.dfu"
File: ot1enc.dfu 2008/04/05 v1.1m UTF-8 support for inputenc
   defining Unicode char U+00A1 (decimal 161)
   defining Unicode char U+00A3 (decimal 163)
   defining Unicode char U+00B8 (decimal 184)
   defining Unicode char U+00BF (decimal 191)
   defining Unicode char U+00C5 (decimal 197)
   defining Unicode char U+00C6 (decimal 198)
   defining Unicode char U+00D8 (decimal 216)
   defining Unicode char U+00DF (decimal 223)
   defining Unicode char U+00E6 (decimal 230)
   defining Unicode char U+00EC (decimal 236)
   defining Unicode char U+00ED (decimal 237)
   defining Unicode char U+00EE (decimal 238)
   defining Unicode char U+00EF (decimal 239)
   defining Unicode char U+00F8 (decimal 248)
   defining Unicode char U+0131 (decimal 305)
   defining Unicode char U+0141 (decimal 321)
   defining Unicode char U+0142 (decimal 322)
   defining Unicode char U+0152 (decimal 338)
   defining Unicode char U+0153 (decimal 339)
   defining Unicode char U+2013 (decimal 8211)
   defining Unicode char U+2014 (decimal 8212)
   defining Unicode char U+2018 (decimal 8216)
   defining Unicode char U+2019 (decimal 8217)
   defining Unicode char U+201C (decimal 8220)
   defining Unicode char U+201D (decimal 8221)
)
Now handling font encoding OMS ...
... processing UTF-8 mapping file for font encoding OMS

("C:\Program Files (x86)\MiKTeX 2.9\tex\latex\base\omsenc.dfu"
File: omsenc.dfu 2008/04/05 v1.1m UTF-8 support for inputenc
   defining Unicode char U+00A7 (decimal 167)
   defining Unicode char U+00B6 (decimal 182)
   defining Unicode char U+00B7 (decimal 183)
   defining Unicode char U+2020 (decimal 8224)
   defining Unicode char U+2021 (decimal 8225)
   defining Unicode char U+2022 (decimal 8226)
)
Now handling font encoding OMX ...
... no UTF-8 mapping file for font encoding OMX
Now handling font encoding U ...
... no UTF-8 mapping file for font encoding U
Now handling font encoding PD1 ...
... no UTF-8 mapping file for font encoding PD1
   defining Unicode char U+00A9 (decimal 169)
   defining Unicode char U+00AA (decimal 170)
   defining Unicode char U+00AE (decimal 174)
   defining Unicode char U+00BA (decimal 186)
   defining Unicode char U+02C6 (decimal 710)
   defining Unicode char U+02DC (decimal 732)
   defining Unicode char U+200C (decimal 8204)
   defining Unicode char U+2026 (decimal 8230)
   defining Unicode char U+2122 (decimal 8482)
   defining Unicode char U+2423 (decimal 9251)
))
("C:\Program Files (x86)\MiKTeX 2.9\tex\latex\a4wide\a4wide.sty"
Package: a4wide 1994/08/30

("C:\Program Files (x86)\MiKTeX 2.9\tex\latex\ntgclass\a4.sty"
Package: a4 2004/04/15 v1.2g A4 based page layout
))
(C:\Users\Tucker\Documents\GitHub\MDFA-Legacy\Sweave\Latex\Sweave.sty
Package: Sweave 

("C:\Program Files (x86)\MiKTeX 2.9\tex\latex\base\ifthen.sty"
Package: ifthen 2001/05/26 v1.1c Standard LaTeX ifthen package (DPC)
)
("C:\Program Files (x86)\MiKTeX 2.9\tex\latex\fancyvrb\fancyvrb.sty"
Package: fancyvrb 2008/02/07

Style option: `fancyvrb' v2.7a, with DG/SPQR fixes, and firstline=lastline fix 
<2008/02/07> (tvz)
\FV@CodeLineNo=\count121
\FV@InFile=\read2
\FV@TabBox=\box30
\c@FancyVerbLine=\count122
\FV@StepNumber=\count123
\FV@OutFile=\write3
)
("C:\Program Files (x86)\MiKTeX 2.9\tex\latex\upquote\upquote.sty"
Package: upquote 2012/04/19 v1.3 upright-quote and grave-accent glyphs in verba
tim
)
("C:\Program Files (x86)\MiKTeX 2.9\tex\latex\base\fontenc.sty"
Package: fontenc 2005/09/27 v1.99g Standard LaTeX package

("C:\Program Files (x86)\MiKTeX 2.9\tex\latex\base\t1enc.def"
File: t1enc.def 2005/09/27 v1.99g Standard LaTeX file
LaTeX Font Info:    Redeclaring font encoding T1 on input line 43.
))
("C:\Program Files (x86)\MiKTeX 2.9\tex\latex\ae\ae.sty"
Package: ae 2001/02/12 1.3 Almost European Computer Modern

("C:\Program Files (x86)\MiKTeX 2.9\tex\latex\base\fontenc.sty"
Package: fontenc 2005/09/27 v1.99g Standard LaTeX package

("C:\Program Files (x86)\MiKTeX 2.9\tex\latex\base\t1enc.def"
File: t1enc.def 2005/09/27 v1.99g Standard LaTeX file
LaTeX Font Info:    Redeclaring font encoding T1 on input line 43.
)
LaTeX Font Info:    Try loading font information for T1+aer on input line 100.

("C:\Program Files (x86)\MiKTeX 2.9\tex\latex\ae\t1aer.fd"
File: t1aer.fd 1997/11/16 Font definitions for T1/aer.
))))
(C:\Users\Tucker\Documents\GitHub\MDFA-Legacy\Sweave\Latex\MDFA_Legacy.aux

LaTeX Warning: Label `smooth_term' multiply defined.


LaTeX Warning: Label `' multiply defined.


LaTeX Warning: Label `' multiply defined.


LaTeX Warning: Label `' multiply defined.


LaTeX Warning: Label `' multiply defined.


LaTeX Warning: Label `' multiply defined.


LaTeX Warning: Label `' multiply defined.


LaTeX Warning: Label `' multiply defined.


LaTeX Warning: Label `' multiply defined.


LaTeX Warning: Label `' multiply defined.


LaTeX Warning: Label `' multiply defined.


LaTeX Warning: Label `' multiply defined.

)
LaTeX Font Info:    Checking defaults for OML/cmm/m/it on input line 85.
LaTeX Font Info:    ... okay on input line 85.
LaTeX Font Info:    Checking defaults for T1/cmr/m/n on input line 85.
LaTeX Font Info:    ... okay on input line 85.
LaTeX Font Info:    Checking defaults for OT1/cmr/m/n on input line 85.
LaTeX Font Info:    ... okay on input line 85.
LaTeX Font Info:    Checking defaults for OMS/cmsy/m/n on input line 85.
LaTeX Font Info:    ... okay on input line 85.
LaTeX Font Info:    Checking defaults for OMX/cmex/m/n on input line 85.
LaTeX Font Info:    ... okay on input line 85.
LaTeX Font Info:    Checking defaults for U/cmr/m/n on input line 85.
LaTeX Font Info:    ... okay on input line 85.
LaTeX Font Info:    Checking defaults for PD1/pdf/m/n on input line 85.
LaTeX Font Info:    ... okay on input line 85.
 ("C:\Program Files (x86)\MiKTeX 2.9\tex\context\base\supp-pdf.mkii"
[Loading MPS to PDF converter (version 2006.09.02).]
\scratchcounter=\count124
\scratchdimen=\dimen120
\scratchbox=\box31
\nofMPsegments=\count125
\nofMParguments=\count126
\everyMPshowfont=\toks27
\MPscratchCnt=\count127
\MPscratchDim=\dimen121
\MPnumerator=\count128
\makeMPintoPDFobject=\count129
\everyMPtoPDFconversion=\toks28
)
\AtBeginShipoutBox=\box32
Package hyperref Info: Link coloring OFF on input line 85.
 ("C:\Program Files (x86)\MiKTeX 2.9\tex\latex\hyperref\nameref.sty"
Package: nameref 2012/10/27 v2.43 Cross-referencing by name of section

("C:\Program Files (x86)\MiKTeX 2.9\tex\generic\oberdiek\gettitlestring.sty"
Package: gettitlestring 2010/12/03 v1.4 Cleanup title references (HO)
)
\c@section@level=\count130
)
LaTeX Info: Redefining \ref on input line 85.
LaTeX Info: Redefining \pageref on input line 85.
LaTeX Info: Redefining \nameref on input line 85.

(C:\Users\Tucker\Documents\GitHub\MDFA-Legacy\Sweave\Latex\MDFA_Legacy.out)
(C:\Users\Tucker\Documents\GitHub\MDFA-Legacy\Sweave\Latex\MDFA_Legacy.out)
\@outlinefile=\write4
LaTeX Font Info:    Try loading font information for U+msa on input line 88.

("C:\Program Files (x86)\MiKTeX 2.9\tex\latex\amsfonts\umsa.fd"
File: umsa.fd 2013/01/14 v3.01 AMS symbols A
)
LaTeX Font Info:    Try loading font information for U+msb on input line 88.

("C:\Program Files (x86)\MiKTeX 2.9\tex\latex\amsfonts\umsb.fd"
File: umsb.fd 2013/01/14 v3.01 AMS symbols B
)
LaTeX Font Info:    Try loading font information for U+lasy on input line 88.

("C:\Program Files (x86)\MiKTeX 2.9\tex\latex\base\ulasy.fd"
File: ulasy.fd 1998/08/17 v2.2e LaTeX symbol font definitions
) [1


{C:/ProgramData/MiKTeX/2.9/pdftex/config/pdftex.map}] [2

]
(C:\Users\Tucker\Documents\GitHub\MDFA-Legacy\Sweave\Latex\MDFA_Legacy.toc
[1

] [2])
\tf@toc=\write5
 [3] [4]
Chapter 1.
pdfTeX warning (ext4): destination with the same identifier (name{page.1}) has 
been already used, duplicate ignored
<to be read again> 
                   \relax 
l.152 
       [1


]pdfTeX warning (ext4): destination with the same identifier (name{page.2}) has
 been already used, duplicate ignored
<to be read again> 
                   \relax 
l.198 
       [2]

LaTeX Warning: Reference `mse_sec' on page 3 undefined on input line 234.


LaTeX Warning: Reference `ats_sec' on page 3 undefined on input line 234.


LaTeX Warning: Reference `int_sec' on page 3 undefined on input line 236.


LaTeX Warning: Reference `con_sec' on page 3 undefined on input line 236.


LaTeX Warning: Reference `coint_sec' on page 3 undefined on input line 237.


LaTeX Warning: Reference `rep_sec' on page 3 undefined on input line 238.


LaTeX Warning: Reference `exo_sec' on page 3 undefined on input line 238.


LaTeX Warning: Reference `inf_sec' on page 3 undefined on input line 239.


LaTeX Warning: Reference `rev_sec' on page 3 undefined on input line 239.


LaTeX Warning: Reference `mix_sec' on page 3 undefined on input line 240.


LaTeX Warning: Reference `ada_sec' on page 3 undefined on input line 240.

[3]
LaTeX Font Info:    Try loading font information for T1+aett on input line 253.

 ("C:\Program Files (x86)\MiKTeX 2.9\tex\latex\ae\t1aett.fd"
File: t1aett.fd 1997/11/16 Font definitions for T1/aett.
) [4] [5]
[6]

LaTeX Warning: Reference `ex_rep_dfa' on page 7 undefined on input line 412.


LaTeX Warning: Reference `ats_sec' on page 7 undefined on input line 436.


LaTeX Warning: Reference `con_sec' on page 7 undefined on input line 437.

LaTeX Font Info:    Try loading font information for OMS+aer on input line 451.

("C:\Program Files (x86)\MiKTeX 2.9\tex\latex\ae\omsaer.fd"
File: omsaer.fd 1999/12/27
)
LaTeX Font Info:    Font shape `OMS/aer/m/n' in size <10> not available
(Font)              Font shape `OMS/cmsy/m/n' tried instead on input line 451.
 [7]

LaTeX Warning: Reference `mix_sec' on page 8 undefined on input line 509.


LaTeX Warning: Reference `int_sec' on page 8 undefined on input line 510.

[8] [9]

LaTeX Warning: Reference `rev_sec' on page 10 undefined on input line 559.


LaTeX Warning: Reference `mix_sec' on page 10 undefined on input line 559.


LaTeX Warning: Reference `int_sec' on page 10 undefined on input line 560.


LaTeX Warning: Reference `coint_sec' on page 10 undefined on input line 560.

[10]

LaTeX Warning: Reference `mse_sec' on page 11 undefined on input line 619.

[11] [12]
Chapter 2.
[13

] [14] [15] [16] [17] [18] [19] [20] [21] [22] [23] [24] [25] [26] [27]
[28] [29] [30] [31] [32] [33] [34]
Chapter 3.
[35

] [36] [37] [38] [39] [40] [41] [42] [43] [44] [45] [46] [47]

LaTeX Warning: Reference `fig:var1.trends' on page 48 undefined on input line 3
001.

[48]
Underfull \vbox (badness 10000) has occurred while \output is active []

 [49]
[50]

LaTeX Warning: Reference `fig:trivar1.trends' on page 51 undefined on input lin
e 3181.


LaTeX Warning: Reference `fig:trivar1.freqdomain' on page 51 undefined on input
 line 3199.


LaTeX Warning: Reference `fig:trivar1.freqdomain' on page 51 undefined on input
 line 3224.

[51] [52]

LaTeX Warning: Reference `fig:easing1' on page 53 undefined on input line 3346.


[53] [54]
Underfull \vbox (badness 10000) has occurred while \output is active []

 [55]
[56]

LaTeX Warning: Reference `tab:critmdfa.mat' on page 57 undefined on input line 
3552.


LaTeX Warning: Reference `tab:critudfa.mat' on page 57 undefined on input line 
3552.


LaTeX Warning: Reference `tab:critmdfa.mat' on page 57 undefined on input line 
3562.


LaTeX Warning: Reference `tab:critudfa.mat' on page 57 undefined on input line 
3562.

[57]

LaTeX Warning: Reference `tab:critmdfa.mat' on page 58 undefined on input line 
3564.


LaTeX Warning: Reference `tab:critudfa.mat' on page 58 undefined on input line 
3564.


LaTeX Warning: Reference `tab:critudfa.mat' on page 58 undefined on input line 
3573.


LaTeX Warning: Reference `tab:critmdfa.mat' on page 58 undefined on input line 
3578.

[58]
Chapter 4.

Underfull \vbox (badness 1454) has occurred while \output is active []

 [59

]
Overfull \hbox (3.73997pt too wide) in paragraph at lines 3705--3711
[]\T1/aer/bx/n/10 Time Shift Con-straint (TSC). []\T1/aer/m/n/10 The con-strain
t is $\OML/cmm/m/it/10 @\OT1/cmr/m/n/10 	(1) = \OML/cmm/m/it/10 @[]\OT1/cmr/m/n
/10 (1) = [][] \OML/cmm/m/it/10 j []\OT1/cmr/m/n/10 (\OML/cmm/m/it/10 j\OT1/cmr
/m/n/10 )$\T1/aer/m/n/10 ,
 []


Overfull \hbox (43.61475pt too wide) has occurred while \output is active
\T1/aer/m/n/10 60 \T1/aer/m/sl/10 CHAPTER 4.  MULTIVARIATE DIRECT FILTER ANALYS
IS FOR NON-STATIONARY PROCESSES
 []

[60] [61]
Overfull \hbox (43.61475pt too wide) has occurred while \output is active
\T1/aer/m/n/10 62 \T1/aer/m/sl/10 CHAPTER 4.  MULTIVARIATE DIRECT FILTER ANALYS
IS FOR NON-STATIONARY PROCESSES
 []

[62] [63]
Overfull \hbox (43.61475pt too wide) has occurred while \output is active
\T1/aer/m/n/10 64 \T1/aer/m/sl/10 CHAPTER 4.  MULTIVARIATE DIRECT FILTER ANALYS
IS FOR NON-STATIONARY PROCESSES
 []

[64

]
Chapter 5.
[65] [66] [67] [68]
Overfull \hbox (23.35051pt too wide) detected at line 4491
[]  \OML/cmm/m/it/10 h\OT1/cmr/m/n/10 (\OML/cmm/m/it/10 !\OT1/cmr/m/n/10 ) [][]
\OML/cmm/m/it/10 :
 []

[69] [70]
Chapter 6.

Underfull \hbox (badness 10000) in paragraph at lines 4530--4545

 []


LaTeX Warning: Reference `seatatst' on page 71 undefined on input line 4547.


LaTeX Warning: Reference `fatatd' on page 71 undefined on input line 4547.


LaTeX Warning: Reference `idfas' on page 71 undefined on input line 4549.


LaTeX Warning: Reference `ats_work_o' on page 71 undefined on input line 4550.


LaTeX Warning: Reference `peco_cu' on page 71 undefined on input line 4551.


LaTeX Warning: Reference `double_score_ats' on page 71 undefined on input line 
4552.


LaTeX Warning: Reference `ucdvbmseli' on page 71 undefined on input line 4552.

[71

] [72

]
Chapter 7.
[73] [74]

LaTeX Warning: Reference `con_sec' on page 75 undefined on input line 4644.

[75]

LaTeX Warning: Reference `rep_sec' on page 76 undefined on input line 4663.

LaTeX Font Info:    Font shape `U/lasy/b/n' in size <7> not available
(Font)              Font shape `U/lasy/m/n' tried instead on input line 4672.
LaTeX Font Info:    Font shape `U/lasy/b/n' in size <5> not available
(Font)              Font shape `U/lasy/m/n' tried instead on input line 4672.
[76]
Overfull \hbox (40.528pt too wide) in alignment at lines 4725--4731
 [][][] []
 []

[77] [78] <z_mdfa_ms_reg_decay.pdf, id=1143, 433.62pt x 433.62pt>
File: z_mdfa_ms_reg_decay.pdf Graphic file (type pdf)

<use z_mdfa_ms_reg_decay.pdf>
Package pdftex.def Info: z_mdfa_ms_reg_decay.pdf used on input line 4808.
(pdftex.def)             Requested size: 433.63878pt x 216.80946pt.

Overfull \hbox (9.05254pt too wide) in paragraph at lines 4808--4808
 [][] 
 []


Underfull \vbox (badness 10000) has occurred while \output is active []

 [79]
[80pdfTeX warning (ext4): destination with the same identifier (name{figure.7.1
}) has been already used, duplicate ignored

\AtBegShi@Output ...ipout \box \AtBeginShipoutBox 
                                                  \fi \fi 
l.4832 \end{Soutput}
                     <C:/Users/Tucker/Documents/GitHub/MDFA-Legacy/Sweave/Latex
/z_mdfa_ms_reg_decay.pdf>]
<z_mdfa_ms_reg_decay_screen_decay_1.pdf, id=1164, 433.62pt x 433.62pt>
File: z_mdfa_ms_reg_decay_screen_decay_1.pdf Graphic file (type pdf)

<use z_mdfa_ms_reg_decay_screen_decay_1.pdf>
Package pdftex.def Info: z_mdfa_ms_reg_decay_screen_decay_1.pdf used on input l
ine 4834.
(pdftex.def)             Requested size: 433.63878pt x 289.09473pt.

Overfull \hbox (9.05254pt too wide) in paragraph at lines 4834--4834
 [][] 
 []


Underfull \hbox (badness 10000) in paragraph at lines 4834--4835

 []


Underfull \vbox (badness 10000) has occurred while \output is active []

 [81pdfTeX warning (ext4): destination with the same identifier (name{figure.7.
2}) has been already used, duplicate ignored

\AtBegShi@Output ...ipout \box \AtBeginShipoutBox 
                                                  \fi \fi 
l.4842 \begin{Sinput}
                      <C:/Users/Tucker/Documents/GitHub/MDFA-Legacy/Sweave/Late
x/z_mdfa_ms_reg_decay_screen_decay_1.pdf>]
<z_mdfa_ms_reg_decay_screen_decay_2.pdf, id=1183, 433.62pt x 433.62pt>
File: z_mdfa_ms_reg_decay_screen_decay_2.pdf Graphic file (type pdf)

<use z_mdfa_ms_reg_decay_screen_decay_2.pdf>
Package pdftex.def Info: z_mdfa_ms_reg_decay_screen_decay_2.pdf used on input l
ine 4855.
(pdftex.def)             Requested size: 433.63878pt x 289.09473pt.

Overfull \hbox (9.05254pt too wide) in paragraph at lines 4855--4855
 [][] 
 []


Overfull \hbox (33.67465pt too wide) in paragraph at lines 4855--4856
\T1/aer/m/n/10 The strength-parameter $\OML/cmm/m/it/10 []$ \T1/aer/m/n/10 is 
bounded to the in-ter-val $\OT1/cmr/m/n/10 [0\OML/cmm/m/it/10 ; \OT1/cmr/m/n/10
 1]$\T1/aer/m/n/10 , too (the code re-lies on $\OML/cmm/m/it/10 f\OT1/cmr/m/n/1
0 ([](\OMS/cmsy/m/n/10 j\OML/cmm/m/it/10 []\OMS/cmsy/m/n/10 j\OML/cmm/m/it/10 
; \OT1/cmr/m/n/10 1))$
 []

[82pdfTeX warning (ext4): destination with the same identifier (name{figure.7.3
}) has been already used, duplicate ignored

\AtBegShi@Output ...ipout \box \AtBeginShipoutBox 
                                                  \fi \fi 
l.4860 \subsection
                  {Constraints vs. Regularization}\label{con_vs_reg} <C:/Users/
Tucker/Documents/GitHub/MDFA-Legacy/Sweave/Latex/z_mdfa_ms_reg_decay_screen_dec
ay_2.pdf>]

LaTeX Warning: Reference `con_sec' on page 83 undefined on input line 4863.

[83]
<z_mdfa_ms_reg_decay_screen_decay_2_rest.pdf, id=1203, 433.62pt x 433.62pt>
File: z_mdfa_ms_reg_decay_screen_decay_2_rest.pdf Graphic file (type pdf)

<use z_mdfa_ms_reg_decay_screen_decay_2_rest.pdf>
Package pdftex.def Info: z_mdfa_ms_reg_decay_screen_decay_2_rest.pdf used on in
put line 4911.
(pdftex.def)             Requested size: 433.63878pt x 433.63878pt.

Overfull \hbox (9.05254pt too wide) in paragraph at lines 4911--4911
 [][] 
 []


LaTeX Warning: Reference `cons_gen_par' on page 84 undefined on input line 4911
.

[84pdfTeX warning (ext4): destination with the same identifier (name{figure.7.4
}) has been already used, duplicate ignored

\AtBegShi@Output ...ipout \box \AtBeginShipoutBox 
                                                  \fi \fi 
l.4912 
        <C:/Users/Tucker/Documents/GitHub/MDFA-Legacy/Sweave/Latex/z_mdfa_ms_re
g_decay_screen_decay_2_rest.pdf>] [85]
<z_mdfa_ms_reg_smooth_1.pdf, id=1229, 433.62pt x 433.62pt>
File: z_mdfa_ms_reg_smooth_1.pdf Graphic file (type pdf)

<use z_mdfa_ms_reg_smooth_1.pdf>
Package pdftex.def Info: z_mdfa_ms_reg_smooth_1.pdf used on input line 4984.
(pdftex.def)             Requested size: 433.63878pt x 289.09473pt.

Overfull \hbox (9.05254pt too wide) in paragraph at lines 4984--4984
 [][] 
 []


Underfull \vbox (badness 10000) has occurred while \output is active []

 [86]

LaTeX Warning: Reference `gm_par' on page 87 undefined on input line 4995.

[87pdfTeX warning (ext4): destination with the same identifier (name{figure.7.5
}) has been already used, duplicate ignored

\AtBegShi@Output ...ipout \box \AtBeginShipoutBox 
                                                  \fi \fi 
l.4996 \begin{eqnarray}
                       \label{centm} <C:/Users/Tucker/Documents/GitHub/MDFA-Leg
acy/Sweave/Latex/z_mdfa_ms_reg_smooth_1.pdf>] [88]
<z_mdfa_ms_reg_cross_1.pdf, id=1260, 433.62pt x 433.62pt>
File: z_mdfa_ms_reg_cross_1.pdf Graphic file (type pdf)

<use z_mdfa_ms_reg_cross_1.pdf>
Package pdftex.def Info: z_mdfa_ms_reg_cross_1.pdf used on input line 5043.
(pdftex.def)             Requested size: 433.63878pt x 289.09473pt.

Overfull \hbox (9.05254pt too wide) in paragraph at lines 5043--5043
 [][] 
 []

[89pdfTeX warning (ext4): destination with the same identifier (name{figure.7.6
}) has been already used, duplicate ignored

\AtBegShi@Output ...ipout \box \AtBeginShipoutBox 
                                                  \fi \fi 
l.5044 
        <C:/Users/Tucker/Documents/GitHub/MDFA-Legacy/Sweave/Latex/z_mdfa_ms_re
g_cross_1.pdf>] [90]

LaTeX Warning: Reference `l-scsmdfa' on page 91 undefined on input line 5106.


Underfull \vbox (badness 2538) has occurred while \output is active []

 [91]

LaTeX Warning: Reference `matrix_notation_constraints' on page 92 undefined on 
input line 5134.


Overfull \hbox (20.06143pt too wide) in alignment at lines 5135--5146
 [][][] []
 []


Underfull \vbox (badness 10000) has occurred while \output is active []

 [92]
Overfull \hbox (51.86322pt too wide) in alignment at lines 5148--5162
 [][][] []
 []


Underfull \hbox (badness 10000) in paragraph at lines 5168--5171

 []


Package hyperref Warning: Token not allowed in a PDF string (PDFDocEncoding):
(hyperref)                removing `math shift' on input line 5178.


Package hyperref Warning: Token not allowed in a PDF string (PDFDocEncoding):
(hyperref)                removing `superscript' on input line 5178.


Package hyperref Warning: Token not allowed in a PDF string (PDFDocEncoding):
(hyperref)                removing `math shift' on input line 5178.

[93]
Overfull \hbox (4.06102pt too wide) in alignment at lines 5187--5191
 [][][] []
 []


Overfull \hbox (10.59149pt too wide) in alignment at lines 5210--5217
 [][][] []
 []

[94]
Underfull \hbox (badness 10000) in paragraph at lines 5219--5221

 []


Package hyperref Warning: Token not allowed in a PDF string (PDFDocEncoding):
(hyperref)                removing `math shift' on input line 5236.


Package hyperref Warning: Token not allowed in a PDF string (PDFDocEncoding):
(hyperref)                removing `math shift' on input line 5236.

[95] [96] [97] [98]
Chapter 8.

Overfull \hbox (15.12697pt too wide) in paragraph at lines 5391--5391
[]\T1/aer/bx/n/14.4 Reconcile Real-Time Sig-nalex-trac-tion and Data-Revisions 

 []


LaTeX Warning: Reference `coint_sec' on page 99 undefined on input line 5399.

[99

] [100

]
Chapter 9.

LaTeX Warning: Reference `lead_snr' on page 101 undefined on input line 5415.


Underfull \vbox (badness 10000) has occurred while \output is active []

 [101]
Overfull \hbox (196.67874pt too wide) has occurred while \output is active
\T1/aer/m/n/10 102 \T1/aer/m/sl/10 CHAPTER 9.  MIXED-FREQUENCY DATA: COMBINING 
AND WORKING WITH DATA SAMPLED AT DIFFERENT TIME SCALES
 []

[102]
Chapter 10.
[103

] [104

]
Package atveryend Info: Empty hook `BeforeClearDocument' on input line 5493.
 [105pdfTeX warning (ext4): destination with the same identifier (name{cite.}) 
has been already used, duplicate ignored

\AtBegShi@Output ...ipout \box \AtBeginShipoutBox 
                                                  \fi \fi 
l.5493 \end{document}
                     pdfTeX warning (ext4): destination with the same identifie
r (name{cite.}) has been already used, duplicate ignored

\AtBegShi@Output ...ipout \box \AtBeginShipoutBox 
                                                  \fi \fi 
l.5493 \end{document}
                     pdfTeX warning (ext4): destination with the same identifie
r (name{cite.}) has been already used, duplicate ignored

\AtBegShi@Output ...ipout \box \AtBeginShipoutBox 
                                                  \fi \fi 
l.5493 \end{document}
                     pdfTeX warning (ext4): destination with the same identifie
r (name{cite.}) has been already used, duplicate ignored

\AtBegShi@Output ...ipout \box \AtBeginShipoutBox 
                                                  \fi \fi 
l.5493 \end{document}
                     pdfTeX warning (ext4): destination with the same identifie
r (name{cite.}) has been already used, duplicate ignored

\AtBegShi@Output ...ipout \box \AtBeginShipoutBox 
                                                  \fi \fi 
l.5493 \end{document}
                     pdfTeX warning (ext4): destination with the same identifie
r (name{cite.}) has been already used, duplicate ignored

\AtBegShi@Output ...ipout \box \AtBeginShipoutBox 
                                                  \fi \fi 
l.5493 \end{document}
                     pdfTeX warning (ext4): destination with the same identifie
r (name{cite.}) has been already used, duplicate ignored

\AtBegShi@Output ...ipout \box \AtBeginShipoutBox 
                                                  \fi \fi 
l.5493 \end{document}
                     pdfTeX warning (ext4): destination with the same identifie
r (name{cite.}) has been already used, duplicate ignored

\AtBegShi@Output ...ipout \box \AtBeginShipoutBox 
                                                  \fi \fi 
l.5493 \end{document}
                     pdfTeX warning (ext4): destination with the same identifie
r (name{cite.}) has been already used, duplicate ignored

\AtBegShi@Output ...ipout \box \AtBeginShipoutBox 
                                                  \fi \fi 
l.5493 \end{document}
                     pdfTeX warning (ext4): destination with the same identifie
r (name{cite.}) has been already used, duplicate ignored

\AtBegShi@Output ...ipout \box \AtBeginShipoutBox 
                                                  \fi \fi 
l.5493 \end{document}
                     pdfTeX warning (ext4): destination with the same identifie
r (name{cite.}) has been already used, duplicate ignored

\AtBegShi@Output ...ipout \box \AtBeginShipoutBox 
                                                  \fi \fi 
l.5493 \end{document}
                     ]
Package atveryend Info: Empty hook `AfterLastShipout' on input line 5493.

(C:\Users\Tucker\Documents\GitHub\MDFA-Legacy\Sweave\Latex\MDFA_Legacy.aux)
Package atveryend Info: Executing hook `AtVeryEndDocument' on input line 5493.
Package atveryend Info: Executing hook `AtEndAfterFileList' on input line 5493.

Package rerunfilecheck Info: File `MDFA_Legacy.out' has not changed.
(rerunfilecheck)             Checksum: BE87E08757F8186890CB19916DFE8EBB;8657.


LaTeX Warning: There were undefined references.


LaTeX Warning: There were multiply-defined labels.

Package atveryend Info: Empty hook `AtVeryVeryEnd' on input line 5493.
 ) 
Here is how much of TeX's memory you used:
 7778 strings out of 493921
 109685 string characters out of 3144873
 195557 words of memory out of 3000000
 10518 multiletter control sequences out of 15000+200000
 68786 words of font info for 138 fonts, out of 3000000 for 9000
 841 hyphenation exceptions out of 8191
 35i,16n,31p,2031b,489s stack positions out of 5000i,500n,10000p,200000b,50000s
<C:/Program Files (x86)/MiKTeX 2.9/fonts/type1/public/amsfonts/cm/cmbx10.pfb>
<C:/Program Files (x86)/MiKTeX 2.9/fonts/type1/public/amsfonts/cm/cmbx12.pfb><C
:/Program Files (x86)/MiKTeX 2.9/fonts/type1/public/amsfonts/cm/cmbx7.pfb><C:/P
rogram Files (x86)/MiKTeX 2.9/fonts/type1/public/amsfonts/cm/cmbx8.pfb><C:/Prog
ram Files (x86)/MiKTeX 2.9/fonts/type1/public/amsfonts/cm/cmcsc10.pfb><C:/Progr
am Files (x86)/MiKTeX 2.9/fonts/type1/public/amsfonts/cm/cmex10.pfb><C:/Program
 Files (x86)/MiKTeX 2.9/fonts/type1/public/amsfonts/cmextra/cmex7.pfb><C:/Progr
am Files (x86)/MiKTeX 2.9/fonts/type1/public/amsfonts/cmextra/cmex8.pfb><C:/Pro
gram Files (x86)/MiKTeX 2.9/fonts/type1/public/amsfonts/cm/cmmi10.pfb><C:/Progr
am Files (x86)/MiKTeX 2.9/fonts/type1/public/amsfonts/cm/cmmi12.pfb><C:/Program
 Files (x86)/MiKTeX 2.9/fonts/type1/public/amsfonts/cm/cmmi5.pfb><C:/Program Fi
les (x86)/MiKTeX 2.9/fonts/type1/public/amsfonts/cm/cmmi6.pfb><C:/Program Files
 (x86)/MiKTeX 2.9/fonts/type1/public/amsfonts/cm/cmmi7.pfb><C:/Program Files (x
86)/MiKTeX 2.9/fonts/type1/public/amsfonts/cm/cmmi8.pfb><C:/Program Files (x86)
/MiKTeX 2.9/fonts/type1/public/amsfonts/cm/cmmib10.pfb><C:/Program Files (x86)/
MiKTeX 2.9/fonts/type1/public/amsfonts/cm/cmr10.pfb><C:/Program Files (x86)/MiK
TeX 2.9/fonts/type1/public/amsfonts/cm/cmr12.pfb><C:/Program Files (x86)/MiKTeX
 2.9/fonts/type1/public/amsfonts/cm/cmr17.pfb><C:/Program Files (x86)/MiKTeX 2.
9/fonts/type1/public/amsfonts/cm/cmr5.pfb><C:/Program Files (x86)/MiKTeX 2.9/fo
nts/type1/public/amsfonts/cm/cmr6.pfb><C:/Program Files (x86)/MiKTeX 2.9/fonts/
type1/public/amsfonts/cm/cmr7.pfb><C:/Program Files (x86)/MiKTeX 2.9/fonts/type
1/public/amsfonts/cm/cmr8.pfb><C:/Program Files (x86)/MiKTeX 2.9/fonts/type1/pu
blic/amsfonts/cm/cmsl10.pfb><C:/Program Files (x86)/MiKTeX 2.9/fonts/type1/publ
ic/amsfonts/cm/cmsltt10.pfb><C:/Program Files (x86)/MiKTeX 2.9/fonts/type1/publ
ic/amsfonts/cm/cmsy10.pfb><C:/Program Files (x86)/MiKTeX 2.9/fonts/type1/public
/amsfonts/cm/cmsy5.pfb><C:/Program Files (x86)/MiKTeX 2.9/fonts/type1/public/am
sfonts/cm/cmsy6.pfb><C:/Program Files (x86)/MiKTeX 2.9/fonts/type1/public/amsfo
nts/cm/cmsy7.pfb><C:/Program Files (x86)/MiKTeX 2.9/fonts/type1/public/amsfonts
/cm/cmsy8.pfb><C:/Program Files (x86)/MiKTeX 2.9/fonts/type1/public/amsfonts/cm
/cmti10.pfb><C:/Program Files (x86)/MiKTeX 2.9/fonts/type1/public/amsfonts/cm/c
mtt10.pfb><C:/Program Files (x86)/MiKTeX 2.9/fonts/type1/public/amsfonts/latxfo
nt/lasy10.pfb><C:/Program Files (x86)/MiKTeX 2.9/fonts/type1/public/amsfonts/sy
mbols/msbm10.pfb><C:/Program Files (x86)/MiKTeX 2.9/fonts/type1/public/amsfonts
/symbols/msbm7.pfb>
Output written on MDFA_Legacy.pdf (111 pages, 913784 bytes).
PDF statistics:
 1559 PDF objects out of 1728 (max. 8388607)
 351 named destinations out of 1000 (max. 500000)
 871 words of extra memory for PDF output out of 10000 (max. 10000000)

